<?xml version="1.0" encoding="UTF-8"?>
<!-- Generated by org.testng.reporters.JUnitReportReporter -->
<testsuite hostname="LAPTOP-D48PB34H" failures="0" tests="7" name="org.selenium.pom.tests.AddToCartTest" time="0.003" errors="1" timestamp="2022-09-29T11:22:29 AEST" skipped="6">
  <testcase classname="org.selenium.pom.tests.AddToCartTest" name="startDriver" time="0.003">
    <error message="Name is null" type="java.lang.NullPointerException">
      <![CDATA[java.lang.NullPointerException: Name is null
at java.base/java.lang.Enum.valueOf(Enum.java:271)
at org.selenium.pom.constants.DriverType.valueOf(DriverType.java:1)
at org.selenium.pom.base.BaseTest.startDriver(BaseTest.java:57)
at java.base/jdk.internal.reflect.NativeMethodAccessorImpl.invoke0(Native Method)
at java.base/jdk.internal.reflect.NativeMethodAccessorImpl.invoke(NativeMethodAccessorImpl.java:78)
at java.base/jdk.internal.reflect.DelegatingMethodAccessorImpl.invoke(DelegatingMethodAccessorImpl.java:43)
at java.base/java.lang.reflect.Method.invoke(Method.java:567)
at org.testng.internal.MethodInvocationHelper.invokeMethod(MethodInvocationHelper.java:132)
at org.testng.internal.MethodInvocationHelper.invokeMethodConsideringTimeout(MethodInvocationHelper.java:61)
at org.testng.internal.ConfigInvoker.invokeConfigurationMethod(ConfigInvoker.java:366)
at org.testng.internal.ConfigInvoker.invokeConfigurations(ConfigInvoker.java:320)
at org.testng.internal.TestInvoker.runConfigMethods(TestInvoker.java:701)
at org.testng.internal.TestInvoker.invokeMethod(TestInvoker.java:527)
at org.testng.internal.TestInvoker.invokeTestMethod(TestInvoker.java:174)
at org.testng.internal.MethodRunner.runInSequence(MethodRunner.java:46)
at org.testng.internal.TestInvoker$MethodInvocationAgent.invoke(TestInvoker.java:822)
at org.testng.internal.TestInvoker.invokeTestMethods(TestInvoker.java:147)
at org.testng.internal.TestMethodWorker.invokeTestMethods(TestMethodWorker.java:146)
at org.testng.internal.TestMethodWorker.run(TestMethodWorker.java:128)
at java.base/java.util.ArrayList.forEach(ArrayList.java:1511)
at org.testng.TestRunner.privateRun(TestRunner.java:764)
at org.testng.TestRunner.run(TestRunner.java:585)
at org.testng.SuiteRunner.runTest(SuiteRunner.java:384)
at org.testng.SuiteRunner.runSequentially(SuiteRunner.java:378)
at org.testng.SuiteRunner.privateRun(SuiteRunner.java:337)
at org.testng.SuiteRunner.run(SuiteRunner.java:286)
at org.testng.SuiteRunnerWorker.runSuite(SuiteRunnerWorker.java:53)
at org.testng.SuiteRunnerWorker.run(SuiteRunnerWorker.java:96)
at org.testng.TestNG.runSuitesSequentially(TestNG.java:1218)
at org.testng.TestNG.runSuitesLocally(TestNG.java:1140)
at org.testng.TestNG.runSuites(TestNG.java:1069)
at org.testng.TestNG.run(TestNG.java:1037)
at org.testng.remote.AbstractRemoteTestNG.run(AbstractRemoteTestNG.java:115)
at org.testng.remote.RemoteTestNG.initAndRun(RemoteTestNG.java:251)
at org.testng.remote.RemoteTestNG.main(RemoteTestNG.java:77)
]]>
    </error>
  </testcase> <!-- startDriver -->
  <system-out/>
  <testcase classname="org.selenium.pom.tests.AddToCartTest" name="addToCartFromStorePage" time="0.000">
    <skipped/>
  </testcase> <!-- addToCartFromStorePage -->
  <system-out/>
  <testcase classname="org.selenium.pom.tests.AddToCartTest" name="addToCartFeaturedProducts" time="0.000">
    <skipped/>
  </testcase> <!-- addToCartFeaturedProducts -->
  <system-out/>
  <testcase classname="org.selenium.pom.tests.AddToCartTest" name="addToCartFeaturedProducts" time="0.000">
    <skipped/>
  </testcase> <!-- addToCartFeaturedProducts -->
  <system-out/>
  <testcase classname="org.selenium.pom.tests.AddToCartTest" name="addToCartFeaturedProducts" time="0.000">
    <skipped/>
  </testcase> <!-- addToCartFeaturedProducts -->
  <system-out/>
  <testcase classname="org.selenium.pom.tests.AddToCartTest" name="addToCartFeaturedProducts" time="0.000">
    <skipped/>
  </testcase> <!-- addToCartFeaturedProducts -->
  <system-out/>
  <testcase classname="org.selenium.pom.tests.AddToCartTest" name="addToCartFeaturedProducts" time="0.000">
    <skipped/>
  </testcase> <!-- addToCartFeaturedProducts -->
  <system-out/>
</testsuite> <!-- org.selenium.pom.tests.AddToCartTest -->
